Vivado Simulator 2019.1
Time resolution is 1 ps
         2 - A(REG[ x]) -  xxxxxxxx, B(REG[ x]) -  xxxxxxxx

         6 - A(REG[ 6]) -  00000000, B(REG[ 6]) -  00000000

         6 - REG[ 6] <- 00000005
        10 - A(REG[ 7]) -  00000000, B(REG[ 7]) -  00000000

        10 - REG[ 7] <- 00000006
        14 - A(REG[ 6]) -  00000005, B(REG[ 7]) -  00000006

        14 - REG[ 8] <- 0000000b
        18 - A(REG[ 6]) -  00000005, B(REG[ 7]) -  00000006

        18 - REG[ 9] <- ffffffff
        22 - A(REG[ 6]) -  00000005, B(REG[ 7]) -  00000006

        22 - REG[ 9] <- 00000007
        26 - A(REG[ 6]) -  00000005, B(REG[ 7]) -  00000006

        26 - REG[ 9] <- 00000004
        30 - A(REG[ 6]) -  00000005, B(REG[ 7]) -  00000006

        30 - REG[ 9] <- 00000003
        34 - A(REG[ 6]) -  00000005, B(REG[ 8]) -  0000000b

        34 - REG[ 9] <- fffffffb
        38 - A(REG[ 6]) -  00000005, B(REG[ 8]) -  0000000b

        38 - REG[ 9] <- fffffffa
        42 - A(REG[ x]) -  xxxxxxxx, B(REG[ x]) -  xxxxxxxx

        46 - A(REG[ x]) -  xxxxxxxx, B(REG[ x]) -  xxxxxxxx

        50 - A(REG[ x]) -  xxxxxxxx, B(REG[ x]) -  xxxxxxxx

        54 - A(REG[ x]) -  xxxxxxxx, B(REG[ x]) -  xxxxxxxx

        58 - A(REG[ x]) -  xxxxxxxx, B(REG[ x]) -  xxxxxxxx

        62 - A(REG[ x]) -  xxxxxxxx, B(REG[ x]) -  xxxxxxxx

        66 - A(REG[ x]) -  xxxxxxxx, B(REG[ x]) -  xxxxxxxx

        70 - A(REG[ x]) -  xxxxxxxx, B(REG[ x]) -  xxxxxxxx

        74 - A(REG[ x]) -  xxxxxxxx, B(REG[ x]) -  xxxxxxxx

        78 - A(REG[ x]) -  xxxxxxxx, B(REG[ x]) -  xxxxxxxx

        82 - A(REG[ x]) -  xxxxxxxx, B(REG[ x]) -  xxxxxxxx

        86 - A(REG[ x]) -  xxxxxxxx, B(REG[ x]) -  xxxxxxxx

        90 - A(REG[ x]) -  xxxxxxxx, B(REG[ x]) -  xxxxxxxx

        94 - A(REG[ x]) -  xxxxxxxx, B(REG[ x]) -  xxxxxxxx

        98 - A(REG[ x]) -  xxxxxxxx, B(REG[ x]) -  xxxxxxxx

