
*** Running vivado
    with args -log binary2BCD.vds -m64 -product Vivado -mode batch -messageDb vivado.pb -notrace -source binary2BCD.tcl


****** Vivado v2019.1 (64-bit)
  **** SW Build 2552052 on Fri May 24 14:49:42 MDT 2019
  **** IP Build 2548770 on Fri May 24 18:01:18 MDT 2019
    ** Copyright 1986-2019 Xilinx, Inc. All Rights Reserved.

source binary2BCD.tcl -notrace
Command: synth_design -top binary2BCD -part xc7a35tcpg236-1
Starting synth_design
Attempting to get a license for feature 'Synthesis' and/or device 'xc7a35t'
INFO: [Common 17-349] Got license for feature 'Synthesis' and/or device 'xc7a35t'
INFO: [Device 21-403] Loading part xc7a35tcpg236-1
INFO: Launching helper process for spawning children vivado processes
INFO: Helper process launched with PID 15908 
WARNING: [Synth 8-2611] redeclaration of ansi port clkDiv is not allowed [C:/Users/NO3/Desktop/year3/HwnSynLab/lab folder/lab3/lab3.srcs/sources_1/imports/lab folder/lab2/lab2.srcs/sources_1/new/clockDiv.v:29]
WARNING: [Synth 8-2611] redeclaration of ansi port segments is not allowed [C:/Users/NO3/Desktop/year3/HwnSynLab/lab folder/lab3/lab3.srcs/sources_1/imports/lab folder/lab2/lab2.srcs/sources_1/new/segmentDecoder.v:29]
---------------------------------------------------------------------------------
Starting RTL Elaboration : Time (s): cpu = 00:00:04 ; elapsed = 00:00:04 . Memory (MB): peak = 831.918 ; gain = 181.285
---------------------------------------------------------------------------------
INFO: [Synth 8-6157] synthesizing module 'binary2BCD' [C:/Users/NO3/Desktop/year3/HwnSynLab/lab folder/lab4/lab4.srcs/sources_1/new/binary2BCD.v:23]
INFO: [Synth 8-6157] synthesizing module 'clockDiv' [C:/Users/NO3/Desktop/year3/HwnSynLab/lab folder/lab3/lab3.srcs/sources_1/imports/lab folder/lab2/lab2.srcs/sources_1/new/clockDiv.v:23]
INFO: [Synth 8-6155] done synthesizing module 'clockDiv' (1#1) [C:/Users/NO3/Desktop/year3/HwnSynLab/lab folder/lab3/lab3.srcs/sources_1/imports/lab folder/lab2/lab2.srcs/sources_1/new/clockDiv.v:23]
INFO: [Synth 8-6157] synthesizing module 'ram' [C:/Users/NO3/Desktop/year3/HwnSynLab/lab folder/lab4/lab4.srcs/sources_1/new/ram.v:23]
INFO: [Synth 8-3876] $readmem data file 'binary2BCD.dat' is read successfully [C:/Users/NO3/Desktop/year3/HwnSynLab/lab folder/lab4/lab4.srcs/sources_1/new/ram.v:34]
INFO: [Synth 8-6155] done synthesizing module 'ram' (2#1) [C:/Users/NO3/Desktop/year3/HwnSynLab/lab folder/lab4/lab4.srcs/sources_1/new/ram.v:23]
INFO: [Synth 8-6157] synthesizing module 'quadSevenSeg' [C:/Users/NO3/Desktop/year3/HwnSynLab/lab folder/lab3/lab3.srcs/sources_1/imports/lab folder/lab2/lab2.srcs/sources_1/new/quadSevenSeg.v:23]
INFO: [Synth 8-6157] synthesizing module 'segmentDecoder' [C:/Users/NO3/Desktop/year3/HwnSynLab/lab folder/lab3/lab3.srcs/sources_1/imports/lab folder/lab2/lab2.srcs/sources_1/new/segmentDecoder.v:23]
INFO: [Synth 8-6155] done synthesizing module 'segmentDecoder' (3#1) [C:/Users/NO3/Desktop/year3/HwnSynLab/lab folder/lab3/lab3.srcs/sources_1/imports/lab folder/lab2/lab2.srcs/sources_1/new/segmentDecoder.v:23]
WARNING: [Synth 8-567] referenced signal 'num0' should be on the sensitivity list [C:/Users/NO3/Desktop/year3/HwnSynLab/lab folder/lab3/lab3.srcs/sources_1/imports/lab folder/lab2/lab2.srcs/sources_1/new/quadSevenSeg.v:69]
WARNING: [Synth 8-567] referenced signal 'num1' should be on the sensitivity list [C:/Users/NO3/Desktop/year3/HwnSynLab/lab folder/lab3/lab3.srcs/sources_1/imports/lab folder/lab2/lab2.srcs/sources_1/new/quadSevenSeg.v:69]
WARNING: [Synth 8-567] referenced signal 'num2' should be on the sensitivity list [C:/Users/NO3/Desktop/year3/HwnSynLab/lab folder/lab3/lab3.srcs/sources_1/imports/lab folder/lab2/lab2.srcs/sources_1/new/quadSevenSeg.v:69]
WARNING: [Synth 8-567] referenced signal 'num3' should be on the sensitivity list [C:/Users/NO3/Desktop/year3/HwnSynLab/lab folder/lab3/lab3.srcs/sources_1/imports/lab folder/lab2/lab2.srcs/sources_1/new/quadSevenSeg.v:69]
INFO: [Synth 8-6155] done synthesizing module 'quadSevenSeg' (4#1) [C:/Users/NO3/Desktop/year3/HwnSynLab/lab folder/lab3/lab3.srcs/sources_1/imports/lab folder/lab2/lab2.srcs/sources_1/new/quadSevenSeg.v:23]
INFO: [Synth 8-6155] done synthesizing module 'binary2BCD' (5#1) [C:/Users/NO3/Desktop/year3/HwnSynLab/lab folder/lab4/lab4.srcs/sources_1/new/binary2BCD.v:23]
---------------------------------------------------------------------------------
Finished RTL Elaboration : Time (s): cpu = 00:00:05 ; elapsed = 00:00:05 . Memory (MB): peak = 869.223 ; gain = 218.590
---------------------------------------------------------------------------------

Report Check Netlist: 
+------+------------------+-------+---------+-------+------------------+
|      |Item              |Errors |Warnings |Status |Description       |
+------+------------------+-------+---------+-------+------------------+
|1     |multi_driven_nets |      0|        0|Passed |Multi driven nets |
+------+------------------+-------+---------+-------+------------------+
---------------------------------------------------------------------------------
Start Handling Custom Attributes
---------------------------------------------------------------------------------
---------------------------------------------------------------------------------
Finished Handling Custom Attributes : Time (s): cpu = 00:00:05 ; elapsed = 00:00:05 . Memory (MB): peak = 869.223 ; gain = 218.590
---------------------------------------------------------------------------------
---------------------------------------------------------------------------------
Finished RTL Optimization Phase 1 : Time (s): cpu = 00:00:05 ; elapsed = 00:00:05 . Memory (MB): peak = 869.223 ; gain = 218.590
---------------------------------------------------------------------------------
INFO: [Project 1-570] Preparing netlist for logic optimization

Processing XDC Constraints
Initializing timing engine
Parsing XDC File [C:/Users/NO3/Desktop/year3/HwnSynLab/lab folder/lab3/lab3.srcs/constrs_1/imports/new/Basys-3-Master.xdc]
WARNING: [Vivado 12-584] No ports matched 'sw[5]'. [C:/Users/NO3/Desktop/year3/HwnSynLab/lab folder/lab3/lab3.srcs/constrs_1/imports/new/Basys-3-Master.xdc:22]
CRITICAL WARNING: [Common 17-55] 'set_property' expects at least one object. [C:/Users/NO3/Desktop/year3/HwnSynLab/lab folder/lab3/lab3.srcs/constrs_1/imports/new/Basys-3-Master.xdc:22]
Resolution: If [get_<value>] was used to populate the object, check to make sure this command returns at least one valid object.
WARNING: [Vivado 12-584] No ports matched 'sw[5]'. [C:/Users/NO3/Desktop/year3/HwnSynLab/lab folder/lab3/lab3.srcs/constrs_1/imports/new/Basys-3-Master.xdc:23]
CRITICAL WARNING: [Common 17-55] 'set_property' expects at least one object. [C:/Users/NO3/Desktop/year3/HwnSynLab/lab folder/lab3/lab3.srcs/constrs_1/imports/new/Basys-3-Master.xdc:23]
Resolution: If [get_<value>] was used to populate the object, check to make sure this command returns at least one valid object.
WARNING: [Vivado 12-584] No ports matched 'sw[6]'. [C:/Users/NO3/Desktop/year3/HwnSynLab/lab folder/lab3/lab3.srcs/constrs_1/imports/new/Basys-3-Master.xdc:24]
CRITICAL WARNING: [Common 17-55] 'set_property' expects at least one object. [C:/Users/NO3/Desktop/year3/HwnSynLab/lab folder/lab3/lab3.srcs/constrs_1/imports/new/Basys-3-Master.xdc:24]
Resolution: If [get_<value>] was used to populate the object, check to make sure this command returns at least one valid object.
WARNING: [Vivado 12-584] No ports matched 'sw[6]'. [C:/Users/NO3/Desktop/year3/HwnSynLab/lab folder/lab3/lab3.srcs/constrs_1/imports/new/Basys-3-Master.xdc:25]
CRITICAL WARNING: [Common 17-55] 'set_property' expects at least one object. [C:/Users/NO3/Desktop/year3/HwnSynLab/lab folder/lab3/lab3.srcs/constrs_1/imports/new/Basys-3-Master.xdc:25]
Resolution: If [get_<value>] was used to populate the object, check to make sure this command returns at least one valid object.
WARNING: [Vivado 12-584] No ports matched 'sw[7]'. [C:/Users/NO3/Desktop/year3/HwnSynLab/lab folder/lab3/lab3.srcs/constrs_1/imports/new/Basys-3-Master.xdc:26]
CRITICAL WARNING: [Common 17-55] 'set_property' expects at least one object. [C:/Users/NO3/Desktop/year3/HwnSynLab/lab folder/lab3/lab3.srcs/constrs_1/imports/new/Basys-3-Master.xdc:26]
Resolution: If [get_<value>] was used to populate the object, check to make sure this command returns at least one valid object.
WARNING: [Vivado 12-584] No ports matched 'sw[7]'. [C:/Users/NO3/Desktop/year3/HwnSynLab/lab folder/lab3/lab3.srcs/constrs_1/imports/new/Basys-3-Master.xdc:27]
CRITICAL WARNING: [Common 17-55] 'set_property' expects at least one object. [C:/Users/NO3/Desktop/year3/HwnSynLab/lab folder/lab3/lab3.srcs/constrs_1/imports/new/Basys-3-Master.xdc:27]
Resolution: If [get_<value>] was used to populate the object, check to make sure this command returns at least one valid object.
WARNING: [Vivado 12-584] No ports matched 'btnC'. [C:/Users/NO3/Desktop/year3/HwnSynLab/lab folder/lab3/lab3.srcs/constrs_1/imports/new/Basys-3-Master.xdc:111]
CRITICAL WARNING: [Common 17-55] 'set_property' expects at least one object. [C:/Users/NO3/Desktop/year3/HwnSynLab/lab folder/lab3/lab3.srcs/constrs_1/imports/new/Basys-3-Master.xdc:111]
Resolution: If [get_<value>] was used to populate the object, check to make sure this command returns at least one valid object.
WARNING: [Vivado 12-584] No ports matched 'btnC'. [C:/Users/NO3/Desktop/year3/HwnSynLab/lab folder/lab3/lab3.srcs/constrs_1/imports/new/Basys-3-Master.xdc:112]
CRITICAL WARNING: [Common 17-55] 'set_property' expects at least one object. [C:/Users/NO3/Desktop/year3/HwnSynLab/lab folder/lab3/lab3.srcs/constrs_1/imports/new/Basys-3-Master.xdc:112]
Resolution: If [get_<value>] was used to populate the object, check to make sure this command returns at least one valid object.
WARNING: [Vivado 12-584] No ports matched 'btnU'. [C:/Users/NO3/Desktop/year3/HwnSynLab/lab folder/lab3/lab3.srcs/constrs_1/imports/new/Basys-3-Master.xdc:113]
CRITICAL WARNING: [Common 17-55] 'set_property' expects at least one object. [C:/Users/NO3/Desktop/year3/HwnSynLab/lab folder/lab3/lab3.srcs/constrs_1/imports/new/Basys-3-Master.xdc:113]
Resolution: If [get_<value>] was used to populate the object, check to make sure this command returns at least one valid object.
WARNING: [Vivado 12-584] No ports matched 'btnU'. [C:/Users/NO3/Desktop/year3/HwnSynLab/lab folder/lab3/lab3.srcs/constrs_1/imports/new/Basys-3-Master.xdc:114]
CRITICAL WARNING: [Common 17-55] 'set_property' expects at least one object. [C:/Users/NO3/Desktop/year3/HwnSynLab/lab folder/lab3/lab3.srcs/constrs_1/imports/new/Basys-3-Master.xdc:114]
Resolution: If [get_<value>] was used to populate the object, check to make sure this command returns at least one valid object.
WARNING: [Vivado 12-584] No ports matched 'btnL'. [C:/Users/NO3/Desktop/year3/HwnSynLab/lab folder/lab3/lab3.srcs/constrs_1/imports/new/Basys-3-Master.xdc:115]
CRITICAL WARNING: [Common 17-55] 'set_property' expects at least one object. [C:/Users/NO3/Desktop/year3/HwnSynLab/lab folder/lab3/lab3.srcs/constrs_1/imports/new/Basys-3-Master.xdc:115]
Resolution: If [get_<value>] was used to populate the object, check to make sure this command returns at least one valid object.
WARNING: [Vivado 12-584] No ports matched 'btnL'. [C:/Users/NO3/Desktop/year3/HwnSynLab/lab folder/lab3/lab3.srcs/constrs_1/imports/new/Basys-3-Master.xdc:116]
CRITICAL WARNING: [Common 17-55] 'set_property' expects at least one object. [C:/Users/NO3/Desktop/year3/HwnSynLab/lab folder/lab3/lab3.srcs/constrs_1/imports/new/Basys-3-Master.xdc:116]
Resolution: If [get_<value>] was used to populate the object, check to make sure this command returns at least one valid object.
WARNING: [Vivado 12-584] No ports matched 'btnR'. [C:/Users/NO3/Desktop/year3/HwnSynLab/lab folder/lab3/lab3.srcs/constrs_1/imports/new/Basys-3-Master.xdc:117]
CRITICAL WARNING: [Common 17-55] 'set_property' expects at least one object. [C:/Users/NO3/Desktop/year3/HwnSynLab/lab folder/lab3/lab3.srcs/constrs_1/imports/new/Basys-3-Master.xdc:117]
Resolution: If [get_<value>] was used to populate the object, check to make sure this command returns at least one valid object.
WARNING: [Vivado 12-584] No ports matched 'btnR'. [C:/Users/NO3/Desktop/year3/HwnSynLab/lab folder/lab3/lab3.srcs/constrs_1/imports/new/Basys-3-Master.xdc:118]
CRITICAL WARNING: [Common 17-55] 'set_property' expects at least one object. [C:/Users/NO3/Desktop/year3/HwnSynLab/lab folder/lab3/lab3.srcs/constrs_1/imports/new/Basys-3-Master.xdc:118]
Resolution: If [get_<value>] was used to populate the object, check to make sure this command returns at least one valid object.
WARNING: [Vivado 12-584] No ports matched 'btnD'. [C:/Users/NO3/Desktop/year3/HwnSynLab/lab folder/lab3/lab3.srcs/constrs_1/imports/new/Basys-3-Master.xdc:119]
CRITICAL WARNING: [Common 17-55] 'set_property' expects at least one object. [C:/Users/NO3/Desktop/year3/HwnSynLab/lab folder/lab3/lab3.srcs/constrs_1/imports/new/Basys-3-Master.xdc:119]
Resolution: If [get_<value>] was used to populate the object, check to make sure this command returns at least one valid object.
WARNING: [Vivado 12-584] No ports matched 'btnD'. [C:/Users/NO3/Desktop/year3/HwnSynLab/lab folder/lab3/lab3.srcs/constrs_1/imports/new/Basys-3-Master.xdc:120]
CRITICAL WARNING: [Common 17-55] 'set_property' expects at least one object. [C:/Users/NO3/Desktop/year3/HwnSynLab/lab folder/lab3/lab3.srcs/constrs_1/imports/new/Basys-3-Master.xdc:120]
Resolution: If [get_<value>] was used to populate the object, check to make sure this command returns at least one valid object.
Finished Parsing XDC File [C:/Users/NO3/Desktop/year3/HwnSynLab/lab folder/lab3/lab3.srcs/constrs_1/imports/new/Basys-3-Master.xdc]
INFO: [Project 1-236] Implementation specific constraints were found while reading constraint file [C:/Users/NO3/Desktop/year3/HwnSynLab/lab folder/lab3/lab3.srcs/constrs_1/imports/new/Basys-3-Master.xdc]. These constraints will be ignored for synthesis but will be used in implementation. Impacted constraints are listed in the file [.Xil/binary2BCD_propImpl.xdc].
Resolution: To avoid this warning, move constraints listed in [.Xil/binary2BCD_propImpl.xdc] to another XDC file and exclude this new file from synthesis with the used_in_synthesis property (File Properties dialog in GUI) and re-run elaboration/synthesis.
Completed Processing XDC Constraints

Netlist sorting complete. Time (s): cpu = 00:00:00 ; elapsed = 00:00:00.001 . Memory (MB): peak = 978.488 ; gain = 0.000
INFO: [Project 1-111] Unisim Transformation Summary:
No Unisim elements were transformed.

Constraint Validation Runtime : Time (s): cpu = 00:00:00 ; elapsed = 00:00:00.003 . Memory (MB): peak = 978.488 ; gain = 0.000
---------------------------------------------------------------------------------
Finished Constraint Validation : Time (s): cpu = 00:00:10 ; elapsed = 00:00:11 . Memory (MB): peak = 978.488 ; gain = 327.855
---------------------------------------------------------------------------------
---------------------------------------------------------------------------------
Start Loading Part and Timing Information
---------------------------------------------------------------------------------
Loading part: xc7a35tcpg236-1
---------------------------------------------------------------------------------
Finished Loading Part and Timing Information : Time (s): cpu = 00:00:10 ; elapsed = 00:00:11 . Memory (MB): peak = 978.488 ; gain = 327.855
---------------------------------------------------------------------------------
---------------------------------------------------------------------------------
Start Applying 'set_property' XDC Constraints
---------------------------------------------------------------------------------
---------------------------------------------------------------------------------
Finished applying 'set_property' XDC Constraints : Time (s): cpu = 00:00:10 ; elapsed = 00:00:11 . Memory (MB): peak = 978.488 ; gain = 327.855
---------------------------------------------------------------------------------
---------------------------------------------------------------------------------
Finished RTL Optimization Phase 2 : Time (s): cpu = 00:00:11 ; elapsed = 00:00:11 . Memory (MB): peak = 978.488 ; gain = 327.855
---------------------------------------------------------------------------------

Report RTL Partitions: 
+-+--------------+------------+----------+
| |RTL Partition |Replication |Instances |
+-+--------------+------------+----------+
+-+--------------+------------+----------+
---------------------------------------------------------------------------------
Start RTL Component Statistics 
---------------------------------------------------------------------------------
Detailed RTL Component Info : 
+---Adders : 
	   2 Input      2 Bit       Adders := 1     
+---Registers : 
	                2 Bit    Registers := 1     
	                1 Bit    Registers := 19    
+---Muxes : 
	   4 Input      4 Bit        Muxes := 2     
---------------------------------------------------------------------------------
Finished RTL Component Statistics 
---------------------------------------------------------------------------------
---------------------------------------------------------------------------------
Start RTL Hierarchical Component Statistics 
---------------------------------------------------------------------------------
Hierarchical RTL Component report 
Module clockDiv 
Detailed RTL Component Info : 
+---Registers : 
	                1 Bit    Registers := 1     
Module quadSevenSeg 
Detailed RTL Component Info : 
+---Adders : 
	   2 Input      2 Bit       Adders := 1     
+---Registers : 
	                2 Bit    Registers := 1     
+---Muxes : 
	   4 Input      4 Bit        Muxes := 2     
---------------------------------------------------------------------------------
Finished RTL Hierarchical Component Statistics
---------------------------------------------------------------------------------
---------------------------------------------------------------------------------
Start Part Resource Summary
---------------------------------------------------------------------------------
Part Resources:
DSPs: 90 (col length:60)
BRAMs: 100 (col length: RAMB18 60 RAMB36 30)
---------------------------------------------------------------------------------
Finished Part Resource Summary
---------------------------------------------------------------------------------
---------------------------------------------------------------------------------
Start Cross Boundary and Area Optimization
---------------------------------------------------------------------------------
Warning: Parallel synthesis criteria is not met 
WARNING: [Synth 8-3917] design binary2BCD has port dp driven by constant 0
---------------------------------------------------------------------------------
Finished Cross Boundary and Area Optimization : Time (s): cpu = 00:00:12 ; elapsed = 00:00:13 . Memory (MB): peak = 978.488 ; gain = 327.855
---------------------------------------------------------------------------------
---------------------------------------------------------------------------------
Start ROM, RAM, DSP and Shift Register Reporting
---------------------------------------------------------------------------------

Distributed RAM: Preliminary Mapping  Report (see note below)
+------------+------------+-----------+----------------------+-----------------+
|Module Name | RTL Object | Inference | Size (Depth x Width) | Primitives      | 
+------------+------------+-----------+----------------------+-----------------+
|binary2BCD  | r/mem_reg  | Implied   | 32 x 8               | RAM16X1S x 16   | 
+------------+------------+-----------+----------------------+-----------------+

Note: The table above is a preliminary report that shows the Distributed RAMs at the current stage of the synthesis flow. Some Distributed RAMs may be reimplemented as non Distributed RAM primitives later in the synthesis flow. Multiple instantiated RAMs are reported only once.
---------------------------------------------------------------------------------
Finished ROM, RAM, DSP and Shift Register Reporting
---------------------------------------------------------------------------------

Report RTL Partitions: 
+-+--------------+------------+----------+
| |RTL Partition |Replication |Instances |
+-+--------------+------------+----------+
+-+--------------+------------+----------+
---------------------------------------------------------------------------------
Start Applying XDC Timing Constraints
---------------------------------------------------------------------------------
---------------------------------------------------------------------------------
Finished Applying XDC Timing Constraints : Time (s): cpu = 00:00:19 ; elapsed = 00:00:20 . Memory (MB): peak = 983.926 ; gain = 333.293
---------------------------------------------------------------------------------
---------------------------------------------------------------------------------
Start Timing Optimization
---------------------------------------------------------------------------------
---------------------------------------------------------------------------------
Finished Timing Optimization : Time (s): cpu = 00:00:19 ; elapsed = 00:00:20 . Memory (MB): peak = 983.926 ; gain = 333.293
---------------------------------------------------------------------------------
---------------------------------------------------------------------------------
Start ROM, RAM, DSP and Shift Register Reporting
---------------------------------------------------------------------------------

Distributed RAM: Final Mapping  Report
+------------+------------+-----------+----------------------+-----------------+
|Module Name | RTL Object | Inference | Size (Depth x Width) | Primitives      | 
+------------+------------+-----------+----------------------+-----------------+
|binary2BCD  | r/mem_reg  | Implied   | 32 x 8               | RAM16X1S x 16   | 
+------------+------------+-----------+----------------------+-----------------+

---------------------------------------------------------------------------------
Finished ROM, RAM, DSP and Shift Register Reporting
---------------------------------------------------------------------------------

Report RTL Partitions: 
+-+--------------+------------+----------+
| |RTL Partition |Replication |Instances |
+-+--------------+------------+----------+
+-+--------------+------------+----------+
---------------------------------------------------------------------------------
Start Technology Mapping
---------------------------------------------------------------------------------
---------------------------------------------------------------------------------
Finished Technology Mapping : Time (s): cpu = 00:00:19 ; elapsed = 00:00:20 . Memory (MB): peak = 993.957 ; gain = 343.324
---------------------------------------------------------------------------------

Report RTL Partitions: 
+-+--------------+------------+----------+
| |RTL Partition |Replication |Instances |
+-+--------------+------------+----------+
+-+--------------+------------+----------+
---------------------------------------------------------------------------------
Start IO Insertion
---------------------------------------------------------------------------------
---------------------------------------------------------------------------------
Start Flattening Before IO Insertion
---------------------------------------------------------------------------------
---------------------------------------------------------------------------------
Finished Flattening Before IO Insertion
---------------------------------------------------------------------------------
---------------------------------------------------------------------------------
Start Final Netlist Cleanup
---------------------------------------------------------------------------------
---------------------------------------------------------------------------------
Finished Final Netlist Cleanup
---------------------------------------------------------------------------------
---------------------------------------------------------------------------------
Finished IO Insertion : Time (s): cpu = 00:00:21 ; elapsed = 00:00:22 . Memory (MB): peak = 1009.820 ; gain = 359.188
---------------------------------------------------------------------------------

Report Check Netlist: 
+------+------------------+-------+---------+-------+------------------+
|      |Item              |Errors |Warnings |Status |Description       |
+------+------------------+-------+---------+-------+------------------+
|1     |multi_driven_nets |      0|        0|Passed |Multi driven nets |
+------+------------------+-------+---------+-------+------------------+
---------------------------------------------------------------------------------
Start Renaming Generated Instances
---------------------------------------------------------------------------------
---------------------------------------------------------------------------------
Finished Renaming Generated Instances : Time (s): cpu = 00:00:21 ; elapsed = 00:00:22 . Memory (MB): peak = 1009.820 ; gain = 359.188
---------------------------------------------------------------------------------

Report RTL Partitions: 
+-+--------------+------------+----------+
| |RTL Partition |Replication |Instances |
+-+--------------+------------+----------+
+-+--------------+------------+----------+
---------------------------------------------------------------------------------
Start Rebuilding User Hierarchy
---------------------------------------------------------------------------------
---------------------------------------------------------------------------------
Finished Rebuilding User Hierarchy : Time (s): cpu = 00:00:21 ; elapsed = 00:00:22 . Memory (MB): peak = 1009.820 ; gain = 359.188
---------------------------------------------------------------------------------
---------------------------------------------------------------------------------
Start Renaming Generated Ports
---------------------------------------------------------------------------------
---------------------------------------------------------------------------------
Finished Renaming Generated Ports : Time (s): cpu = 00:00:21 ; elapsed = 00:00:22 . Memory (MB): peak = 1009.820 ; gain = 359.188
---------------------------------------------------------------------------------
---------------------------------------------------------------------------------
Start Handling Custom Attributes
---------------------------------------------------------------------------------
---------------------------------------------------------------------------------
Finished Handling Custom Attributes : Time (s): cpu = 00:00:21 ; elapsed = 00:00:22 . Memory (MB): peak = 1009.820 ; gain = 359.188
---------------------------------------------------------------------------------
---------------------------------------------------------------------------------
Start Renaming Generated Nets
---------------------------------------------------------------------------------
---------------------------------------------------------------------------------
Finished Renaming Generated Nets : Time (s): cpu = 00:00:21 ; elapsed = 00:00:22 . Memory (MB): peak = 1009.820 ; gain = 359.188
---------------------------------------------------------------------------------
---------------------------------------------------------------------------------
Start Writing Synthesis Report
---------------------------------------------------------------------------------

Report BlackBoxes: 
+-+--------------+----------+
| |BlackBox name |Instances |
+-+--------------+----------+
+-+--------------+----------+

Report Cell Usage: 
+------+---------+------+
|      |Cell     |Count |
+------+---------+------+
|1     |BUFG     |     1|
|2     |LUT1     |    20|
|3     |LUT2     |     5|
|4     |LUT3     |     8|
|5     |LUT5     |     7|
|6     |LUT6     |     4|
|7     |RAM16X1S |    16|
|8     |FDRE     |    21|
|9     |IBUF     |     6|
|10    |OBUF     |    12|
+------+---------+------+

Report Instance Areas: 
+------+---------------------+-------------+------+
|      |Instance             |Module       |Cells |
+------+---------------------+-------------+------+
|1     |top                  |             |   100|
|2     |  fdivTarget         |clockDiv     |     2|
|3     |  \genblk1[0].fdiv   |clockDiv_0   |     2|
|4     |  \genblk1[10].fdiv  |clockDiv_1   |     2|
|5     |  \genblk1[11].fdiv  |clockDiv_2   |     2|
|6     |  \genblk1[12].fdiv  |clockDiv_3   |     2|
|7     |  \genblk1[13].fdiv  |clockDiv_4   |     2|
|8     |  \genblk1[14].fdiv  |clockDiv_5   |     2|
|9     |  \genblk1[15].fdiv  |clockDiv_6   |     2|
|10    |  \genblk1[16].fdiv  |clockDiv_7   |     2|
|11    |  \genblk1[17].fdiv  |clockDiv_8   |     2|
|12    |  \genblk1[1].fdiv   |clockDiv_9   |     2|
|13    |  \genblk1[2].fdiv   |clockDiv_10  |     2|
|14    |  \genblk1[3].fdiv   |clockDiv_11  |     2|
|15    |  \genblk1[4].fdiv   |clockDiv_12  |     2|
|16    |  \genblk1[5].fdiv   |clockDiv_13  |     2|
|17    |  \genblk1[6].fdiv   |clockDiv_14  |     2|
|18    |  \genblk1[7].fdiv   |clockDiv_15  |     2|
|19    |  \genblk1[8].fdiv   |clockDiv_16  |     2|
|20    |  \genblk1[9].fdiv   |clockDiv_17  |     2|
|21    |  q7seg              |quadSevenSeg |     8|
|22    |  r                  |ram          |    35|
+------+---------------------+-------------+------+
---------------------------------------------------------------------------------
Finished Writing Synthesis Report : Time (s): cpu = 00:00:21 ; elapsed = 00:00:22 . Memory (MB): peak = 1009.820 ; gain = 359.188
---------------------------------------------------------------------------------
Synthesis finished with 0 errors, 0 critical warnings and 1 warnings.
Synthesis Optimization Runtime : Time (s): cpu = 00:00:14 ; elapsed = 00:00:20 . Memory (MB): peak = 1009.820 ; gain = 249.922
Synthesis Optimization Complete : Time (s): cpu = 00:00:21 ; elapsed = 00:00:22 . Memory (MB): peak = 1009.820 ; gain = 359.188
INFO: [Project 1-571] Translating synthesized netlist
INFO: [Netlist 29-17] Analyzing 16 Unisim elements for replacement
INFO: [Netlist 29-28] Unisim Transformation completed in 0 CPU seconds
INFO: [Project 1-570] Preparing netlist for logic optimization
INFO: [Opt 31-138] Pushed 0 inverter(s) to 0 load pin(s).
Netlist sorting complete. Time (s): cpu = 00:00:00 ; elapsed = 00:00:00 . Memory (MB): peak = 1026.891 ; gain = 0.000
INFO: [Project 1-111] Unisim Transformation Summary:
  A total of 16 instances were transformed.
  RAM16X1S => RAM32X1S (RAMS32): 16 instances

INFO: [Common 17-83] Releasing license: Synthesis
23 Infos, 23 Warnings, 16 Critical Warnings and 0 Errors encountered.
synth_design completed successfully
synth_design: Time (s): cpu = 00:00:26 ; elapsed = 00:00:29 . Memory (MB): peak = 1026.891 ; gain = 631.648
Netlist sorting complete. Time (s): cpu = 00:00:00 ; elapsed = 00:00:00.001 . Memory (MB): peak = 1026.891 ; gain = 0.000
WARNING: [Constraints 18-5210] No constraints selected for write.
Resolution: This message can indicate that there are no constraints for the design, or it can indicate that the used_in flags are set such that the constraints are ignored. This later case is used when running synth_design to not write synthesis constraints to the resulting checkpoint. Instead, project constraints are read when the synthesized design is opened.
INFO: [Common 17-1381] The checkpoint 'C:/Users/NO3/Desktop/year3/HwnSynLab/lab folder/lab4/lab4.runs/synth_1/binary2BCD.dcp' has been generated.
INFO: [runtcl-4] Executing : report_utilization -file binary2BCD_utilization_synth.rpt -pb binary2BCD_utilization_synth.pb
INFO: [Common 17-206] Exiting Vivado at Mon Sep 21 08:43:51 2020...
