#-----------------------------------------------------------
# Vivado v2019.1 (64-bit)
# SW Build 2552052 on Fri May 24 14:49:42 MDT 2019
# IP Build 2548770 on Fri May 24 18:01:18 MDT 2019
# Start of session at: Tue Sep 22 15:04:32 2020
# Process ID: 9040
# Current directory: C:/Users/NO3/Desktop/year3/HwnSynLab/lab folder/lab4
# Command line: vivado.exe -gui_launcher_event rodinguilauncherevent4960 C:\Users\NO3\Desktop\year3\HwnSynLab\lab folder\lab4\lab4.xpr
# Log file: C:/Users/NO3/Desktop/year3/HwnSynLab/lab folder/lab4/vivado.log
# Journal file: C:/Users/NO3/Desktop/year3/HwnSynLab/lab folder/lab4\vivado.jou
#-----------------------------------------------------------
start_gui
open_project {C:/Users/NO3/Desktop/year3/HwnSynLab/lab folder/lab4/lab4.xpr}
INFO: [Project 1-313] Project file moved from 'C:/Users/PSlaptop/Desktop/HwnSynLab/lab folder/lab4' since last save.
Scanning sources...
Finished scanning sources
INFO: [IP_Flow 19-234] Refreshing IP repositories
INFO: [IP_Flow 19-1704] No user IP repositories specified
INFO: [IP_Flow 19-2313] Loaded Vivado IP repository 'C:/Xilinx2019.1/Vivado/2019.1/data/ip'.
open_project: Time (s): cpu = 00:00:15 ; elapsed = 00:00:57 . Memory (MB): peak = 798.656 ; gain = 229.867
update_compile_order -fileset sources_1
launch_simulation
INFO: [Vivado 12-5682] Launching behavioral simulation in 'C:/Users/NO3/Desktop/year3/HwnSynLab/lab folder/lab4/lab4.sim/sim_1/behav/xsim'
INFO: [SIM-utils-51] Simulation object is 'sim_1'
INFO: [SIM-utils-54] Inspecting design source files for 'fourBitCalculator' in fileset 'sim_1'...
INFO: [SIM-utils-43] Exported 'C:/Users/NO3/Desktop/year3/HwnSynLab/lab folder/lab4/lab4.sim/sim_1/behav/xsim/binary2BCD.dat'
INFO: [SIM-utils-43] Exported 'C:/Users/NO3/Desktop/year3/HwnSynLab/lab folder/lab4/lab4.sim/sim_1/behav/xsim/4bitCalculator_divide.dat'
INFO: [SIM-utils-43] Exported 'C:/Users/NO3/Desktop/year3/HwnSynLab/lab folder/lab4/lab4.sim/sim_1/behav/xsim/4bitCalculator_multiply.dat'
INFO: [SIM-utils-43] Exported 'C:/Users/NO3/Desktop/year3/HwnSynLab/lab folder/lab4/lab4.sim/sim_1/behav/xsim/4bitCalculator_minus.dat'
INFO: [SIM-utils-43] Exported 'C:/Users/NO3/Desktop/year3/HwnSynLab/lab folder/lab4/lab4.sim/sim_1/behav/xsim/4bitCalculator_add.dat'
INFO: [USF-XSim-97] Finding global include files...
INFO: [USF-XSim-98] Fetching design files from 'sim_1'...
INFO: [USF-XSim-2] XSim::Compile design
INFO: [USF-XSim-61] Executing 'COMPILE and ANALYZE' step in 'C:/Users/NO3/Desktop/year3/HwnSynLab/lab folder/lab4/lab4.sim/sim_1/behav/xsim'
"xvlog --incr --relax -prj fourBitCalculator_vlog.prj"
INFO: [USF-XSim-69] 'compile' step finished in '3' seconds
INFO: [USF-XSim-3] XSim::Elaborate design
INFO: [USF-XSim-61] Executing 'ELABORATE' step in 'C:/Users/NO3/Desktop/year3/HwnSynLab/lab folder/lab4/lab4.sim/sim_1/behav/xsim'
"xelab -wto 8a52f69d93144177ba477ec302b99fdb --incr --debug typical --relax --mt 2 -L xil_defaultlib -L unisims_ver -L unimacro_ver -L secureip --snapshot fourBitCalculator_behav xil_defaultlib.fourBitCalculator xil_defaultlib.glbl -log elaborate.log"
Vivado Simulator 2019.1
Copyright 1986-1999, 2001-2019 Xilinx, Inc. All Rights Reserved.
Running: C:/Xilinx2019.1/Vivado/2019.1/bin/unwrapped/win64.o/xelab.exe -wto 8a52f69d93144177ba477ec302b99fdb --incr --debug typical --relax --mt 2 -L xil_defaultlib -L unisims_ver -L unimacro_ver -L secureip --snapshot fourBitCalculator_behav xil_defaultlib.fourBitCalculator xil_defaultlib.glbl -log elaborate.log 
Using 2 slave threads.
Starting static elaboration
Completed static elaboration
INFO: [XSIM 43-4323] No Change in HDL. Linking previously generated obj files to create kernel
run_program: Time (s): cpu = 00:00:00 ; elapsed = 00:00:05 . Memory (MB): peak = 804.906 ; gain = 0.000
INFO: [USF-XSim-69] 'elaborate' step finished in '5' seconds
INFO: [USF-XSim-4] XSim::Simulate design
INFO: [USF-XSim-61] Executing 'SIMULATE' step in 'C:/Users/NO3/Desktop/year3/HwnSynLab/lab folder/lab4/lab4.sim/sim_1/behav/xsim'
INFO: [USF-XSim-98] *** Running xsim
   with args "fourBitCalculator_behav -key {Behavioral:sim_1:Functional:fourBitCalculator} -tclbatch {fourBitCalculator.tcl} -log {simulate.log}"
INFO: [USF-XSim-8] Loading simulator feature
Vivado Simulator 2019.1
Time resolution is 1 ps
source fourBitCalculator.tcl
# set curr_wave [current_wave_config]
# if { [string length $curr_wave] == 0 } {
#   if { [llength [get_objects]] > 0} {
#     add_wave /
#     set_property needs_save false [current_wave_config]
#   } else {
#      send_msg_id Add_Wave-1 WARNING "No top level signals found. Simulator will start without a wave window. If you want to open a wave window go to 'File->New Waveform Configuration' or type 'create_wave_config' in the TCL console."
#   }
# }
# run 1000ns
xsim: Time (s): cpu = 00:00:08 ; elapsed = 00:00:05 . Memory (MB): peak = 832.539 ; gain = 9.160
INFO: [USF-XSim-96] XSim completed. Design snapshot 'fourBitCalculator_behav' loaded.
INFO: [USF-XSim-97] XSim simulation ran for 1000ns
launch_simulation: Time (s): cpu = 00:00:10 ; elapsed = 00:00:15 . Memory (MB): peak = 832.539 ; gain = 27.633
synth_design -rtl -name rtl_1
Command: synth_design -rtl -name rtl_1
Starting synth_design
Using part: xc7a35tcpg236-1
Top: binary2BCD
INFO: [Device 21-403] Loading part xc7a35tcpg236-1
WARNING: [Synth 8-2611] redeclaration of ansi port clkDiv is not allowed [C:/Users/NO3/Desktop/year3/HwnSynLab/lab folder/lab3/lab3.srcs/sources_1/imports/lab folder/lab2/lab2.srcs/sources_1/new/clockDiv.v:29]
WARNING: [Synth 8-2611] redeclaration of ansi port segments is not allowed [C:/Users/NO3/Desktop/year3/HwnSynLab/lab folder/lab3/lab3.srcs/sources_1/imports/lab folder/lab2/lab2.srcs/sources_1/new/segmentDecoder.v:29]
---------------------------------------------------------------------------------
Starting RTL Elaboration : Time (s): cpu = 00:00:03 ; elapsed = 00:00:05 . Memory (MB): peak = 1237.645 ; gain = 165.895
---------------------------------------------------------------------------------
INFO: [Synth 8-6157] synthesizing module 'binary2BCD' [C:/Users/NO3/Desktop/year3/HwnSynLab/lab folder/lab4/lab4.srcs/sources_1/new/binary2BCD.v:23]
INFO: [Synth 8-6157] synthesizing module 'clockDiv' [C:/Users/NO3/Desktop/year3/HwnSynLab/lab folder/lab3/lab3.srcs/sources_1/imports/lab folder/lab2/lab2.srcs/sources_1/new/clockDiv.v:23]
INFO: [Synth 8-6155] done synthesizing module 'clockDiv' (1#1) [C:/Users/NO3/Desktop/year3/HwnSynLab/lab folder/lab3/lab3.srcs/sources_1/imports/lab folder/lab2/lab2.srcs/sources_1/new/clockDiv.v:23]
INFO: [Synth 8-6157] synthesizing module 'ram' [C:/Users/NO3/Desktop/year3/HwnSynLab/lab folder/lab4/lab4.srcs/sources_1/new/ram.v:23]
INFO: [Synth 8-3876] $readmem data file 'binary2BCD.dat' is read successfully [C:/Users/NO3/Desktop/year3/HwnSynLab/lab folder/lab4/lab4.srcs/sources_1/new/ram.v:34]
INFO: [Synth 8-6155] done synthesizing module 'ram' (2#1) [C:/Users/NO3/Desktop/year3/HwnSynLab/lab folder/lab4/lab4.srcs/sources_1/new/ram.v:23]
INFO: [Synth 8-6157] synthesizing module 'quadSevenSeg' [C:/Users/NO3/Desktop/year3/HwnSynLab/lab folder/lab3/lab3.srcs/sources_1/imports/lab folder/lab2/lab2.srcs/sources_1/new/quadSevenSeg.v:23]
INFO: [Synth 8-6157] synthesizing module 'segmentDecoder' [C:/Users/NO3/Desktop/year3/HwnSynLab/lab folder/lab3/lab3.srcs/sources_1/imports/lab folder/lab2/lab2.srcs/sources_1/new/segmentDecoder.v:23]
INFO: [Synth 8-6155] done synthesizing module 'segmentDecoder' (3#1) [C:/Users/NO3/Desktop/year3/HwnSynLab/lab folder/lab3/lab3.srcs/sources_1/imports/lab folder/lab2/lab2.srcs/sources_1/new/segmentDecoder.v:23]
WARNING: [Synth 8-567] referenced signal 'num0' should be on the sensitivity list [C:/Users/NO3/Desktop/year3/HwnSynLab/lab folder/lab3/lab3.srcs/sources_1/imports/lab folder/lab2/lab2.srcs/sources_1/new/quadSevenSeg.v:69]
WARNING: [Synth 8-567] referenced signal 'num1' should be on the sensitivity list [C:/Users/NO3/Desktop/year3/HwnSynLab/lab folder/lab3/lab3.srcs/sources_1/imports/lab folder/lab2/lab2.srcs/sources_1/new/quadSevenSeg.v:69]
WARNING: [Synth 8-567] referenced signal 'num2' should be on the sensitivity list [C:/Users/NO3/Desktop/year3/HwnSynLab/lab folder/lab3/lab3.srcs/sources_1/imports/lab folder/lab2/lab2.srcs/sources_1/new/quadSevenSeg.v:69]
WARNING: [Synth 8-567] referenced signal 'num3' should be on the sensitivity list [C:/Users/NO3/Desktop/year3/HwnSynLab/lab folder/lab3/lab3.srcs/sources_1/imports/lab folder/lab2/lab2.srcs/sources_1/new/quadSevenSeg.v:69]
INFO: [Synth 8-6155] done synthesizing module 'quadSevenSeg' (4#1) [C:/Users/NO3/Desktop/year3/HwnSynLab/lab folder/lab3/lab3.srcs/sources_1/imports/lab folder/lab2/lab2.srcs/sources_1/new/quadSevenSeg.v:23]
INFO: [Synth 8-6155] done synthesizing module 'binary2BCD' (5#1) [C:/Users/NO3/Desktop/year3/HwnSynLab/lab folder/lab4/lab4.srcs/sources_1/new/binary2BCD.v:23]
---------------------------------------------------------------------------------
Finished RTL Elaboration : Time (s): cpu = 00:00:04 ; elapsed = 00:00:07 . Memory (MB): peak = 1278.914 ; gain = 207.164
---------------------------------------------------------------------------------

Report Check Netlist: 
+------+------------------+-------+---------+-------+------------------+
|      |Item              |Errors |Warnings |Status |Description       |
+------+------------------+-------+---------+-------+------------------+
|1     |multi_driven_nets |      0|        0|Passed |Multi driven nets |
+------+------------------+-------+---------+-------+------------------+
---------------------------------------------------------------------------------
Start Handling Custom Attributes
---------------------------------------------------------------------------------
---------------------------------------------------------------------------------
Finished Handling Custom Attributes : Time (s): cpu = 00:00:05 ; elapsed = 00:00:07 . Memory (MB): peak = 1278.914 ; gain = 207.164
---------------------------------------------------------------------------------
---------------------------------------------------------------------------------
Finished RTL Optimization Phase 1 : Time (s): cpu = 00:00:05 ; elapsed = 00:00:07 . Memory (MB): peak = 1278.914 ; gain = 207.164
---------------------------------------------------------------------------------
INFO: [Project 1-570] Preparing netlist for logic optimization
INFO: [Opt 31-141] Inserted 1 OBUFs to IO ports without IO buffers.

Processing XDC Constraints
Initializing timing engine
Parsing XDC File [C:/Users/NO3/Desktop/year3/HwnSynLab/lab folder/lab3/lab3.srcs/constrs_1/imports/new/Basys-3-Master.xdc]
WARNING: [Vivado 12-584] No ports matched 'sw[5]'. [C:/Users/NO3/Desktop/year3/HwnSynLab/lab folder/lab3/lab3.srcs/constrs_1/imports/new/Basys-3-Master.xdc:22]
CRITICAL WARNING: [Common 17-55] 'set_property' expects at least one object. [C:/Users/NO3/Desktop/year3/HwnSynLab/lab folder/lab3/lab3.srcs/constrs_1/imports/new/Basys-3-Master.xdc:22]
Resolution: If [get_<value>] was used to populate the object, check to make sure this command returns at least one valid object.
WARNING: [Vivado 12-584] No ports matched 'sw[5]'. [C:/Users/NO3/Desktop/year3/HwnSynLab/lab folder/lab3/lab3.srcs/constrs_1/imports/new/Basys-3-Master.xdc:23]
CRITICAL WARNING: [Common 17-55] 'set_property' expects at least one object. [C:/Users/NO3/Desktop/year3/HwnSynLab/lab folder/lab3/lab3.srcs/constrs_1/imports/new/Basys-3-Master.xdc:23]
Resolution: If [get_<value>] was used to populate the object, check to make sure this command returns at least one valid object.
WARNING: [Vivado 12-584] No ports matched 'sw[6]'. [C:/Users/NO3/Desktop/year3/HwnSynLab/lab folder/lab3/lab3.srcs/constrs_1/imports/new/Basys-3-Master.xdc:24]
CRITICAL WARNING: [Common 17-55] 'set_property' expects at least one object. [C:/Users/NO3/Desktop/year3/HwnSynLab/lab folder/lab3/lab3.srcs/constrs_1/imports/new/Basys-3-Master.xdc:24]
Resolution: If [get_<value>] was used to populate the object, check to make sure this command returns at least one valid object.
WARNING: [Vivado 12-584] No ports matched 'sw[6]'. [C:/Users/NO3/Desktop/year3/HwnSynLab/lab folder/lab3/lab3.srcs/constrs_1/imports/new/Basys-3-Master.xdc:25]
CRITICAL WARNING: [Common 17-55] 'set_property' expects at least one object. [C:/Users/NO3/Desktop/year3/HwnSynLab/lab folder/lab3/lab3.srcs/constrs_1/imports/new/Basys-3-Master.xdc:25]
Resolution: If [get_<value>] was used to populate the object, check to make sure this command returns at least one valid object.
WARNING: [Vivado 12-584] No ports matched 'sw[7]'. [C:/Users/NO3/Desktop/year3/HwnSynLab/lab folder/lab3/lab3.srcs/constrs_1/imports/new/Basys-3-Master.xdc:26]
CRITICAL WARNING: [Common 17-55] 'set_property' expects at least one object. [C:/Users/NO3/Desktop/year3/HwnSynLab/lab folder/lab3/lab3.srcs/constrs_1/imports/new/Basys-3-Master.xdc:26]
Resolution: If [get_<value>] was used to populate the object, check to make sure this command returns at least one valid object.
WARNING: [Vivado 12-584] No ports matched 'sw[7]'. [C:/Users/NO3/Desktop/year3/HwnSynLab/lab folder/lab3/lab3.srcs/constrs_1/imports/new/Basys-3-Master.xdc:27]
CRITICAL WARNING: [Common 17-55] 'set_property' expects at least one object. [C:/Users/NO3/Desktop/year3/HwnSynLab/lab folder/lab3/lab3.srcs/constrs_1/imports/new/Basys-3-Master.xdc:27]
Resolution: If [get_<value>] was used to populate the object, check to make sure this command returns at least one valid object.
WARNING: [Vivado 12-584] No ports matched 'btnC'. [C:/Users/NO3/Desktop/year3/HwnSynLab/lab folder/lab3/lab3.srcs/constrs_1/imports/new/Basys-3-Master.xdc:111]
CRITICAL WARNING: [Common 17-55] 'set_property' expects at least one object. [C:/Users/NO3/Desktop/year3/HwnSynLab/lab folder/lab3/lab3.srcs/constrs_1/imports/new/Basys-3-Master.xdc:111]
Resolution: If [get_<value>] was used to populate the object, check to make sure this command returns at least one valid object.
WARNING: [Vivado 12-584] No ports matched 'btnC'. [C:/Users/NO3/Desktop/year3/HwnSynLab/lab folder/lab3/lab3.srcs/constrs_1/imports/new/Basys-3-Master.xdc:112]
CRITICAL WARNING: [Common 17-55] 'set_property' expects at least one object. [C:/Users/NO3/Desktop/year3/HwnSynLab/lab folder/lab3/lab3.srcs/constrs_1/imports/new/Basys-3-Master.xdc:112]
Resolution: If [get_<value>] was used to populate the object, check to make sure this command returns at least one valid object.
WARNING: [Vivado 12-584] No ports matched 'btnU'. [C:/Users/NO3/Desktop/year3/HwnSynLab/lab folder/lab3/lab3.srcs/constrs_1/imports/new/Basys-3-Master.xdc:113]
CRITICAL WARNING: [Common 17-55] 'set_property' expects at least one object. [C:/Users/NO3/Desktop/year3/HwnSynLab/lab folder/lab3/lab3.srcs/constrs_1/imports/new/Basys-3-Master.xdc:113]
Resolution: If [get_<value>] was used to populate the object, check to make sure this command returns at least one valid object.
WARNING: [Vivado 12-584] No ports matched 'btnU'. [C:/Users/NO3/Desktop/year3/HwnSynLab/lab folder/lab3/lab3.srcs/constrs_1/imports/new/Basys-3-Master.xdc:114]
CRITICAL WARNING: [Common 17-55] 'set_property' expects at least one object. [C:/Users/NO3/Desktop/year3/HwnSynLab/lab folder/lab3/lab3.srcs/constrs_1/imports/new/Basys-3-Master.xdc:114]
Resolution: If [get_<value>] was used to populate the object, check to make sure this command returns at least one valid object.
WARNING: [Vivado 12-584] No ports matched 'btnL'. [C:/Users/NO3/Desktop/year3/HwnSynLab/lab folder/lab3/lab3.srcs/constrs_1/imports/new/Basys-3-Master.xdc:115]
CRITICAL WARNING: [Common 17-55] 'set_property' expects at least one object. [C:/Users/NO3/Desktop/year3/HwnSynLab/lab folder/lab3/lab3.srcs/constrs_1/imports/new/Basys-3-Master.xdc:115]
Resolution: If [get_<value>] was used to populate the object, check to make sure this command returns at least one valid object.
WARNING: [Vivado 12-584] No ports matched 'btnL'. [C:/Users/NO3/Desktop/year3/HwnSynLab/lab folder/lab3/lab3.srcs/constrs_1/imports/new/Basys-3-Master.xdc:116]
CRITICAL WARNING: [Common 17-55] 'set_property' expects at least one object. [C:/Users/NO3/Desktop/year3/HwnSynLab/lab folder/lab3/lab3.srcs/constrs_1/imports/new/Basys-3-Master.xdc:116]
Resolution: If [get_<value>] was used to populate the object, check to make sure this command returns at least one valid object.
WARNING: [Vivado 12-584] No ports matched 'btnR'. [C:/Users/NO3/Desktop/year3/HwnSynLab/lab folder/lab3/lab3.srcs/constrs_1/imports/new/Basys-3-Master.xdc:117]
CRITICAL WARNING: [Common 17-55] 'set_property' expects at least one object. [C:/Users/NO3/Desktop/year3/HwnSynLab/lab folder/lab3/lab3.srcs/constrs_1/imports/new/Basys-3-Master.xdc:117]
Resolution: If [get_<value>] was used to populate the object, check to make sure this command returns at least one valid object.
WARNING: [Vivado 12-584] No ports matched 'btnR'. [C:/Users/NO3/Desktop/year3/HwnSynLab/lab folder/lab3/lab3.srcs/constrs_1/imports/new/Basys-3-Master.xdc:118]
CRITICAL WARNING: [Common 17-55] 'set_property' expects at least one object. [C:/Users/NO3/Desktop/year3/HwnSynLab/lab folder/lab3/lab3.srcs/constrs_1/imports/new/Basys-3-Master.xdc:118]
Resolution: If [get_<value>] was used to populate the object, check to make sure this command returns at least one valid object.
WARNING: [Vivado 12-584] No ports matched 'btnD'. [C:/Users/NO3/Desktop/year3/HwnSynLab/lab folder/lab3/lab3.srcs/constrs_1/imports/new/Basys-3-Master.xdc:119]
CRITICAL WARNING: [Common 17-55] 'set_property' expects at least one object. [C:/Users/NO3/Desktop/year3/HwnSynLab/lab folder/lab3/lab3.srcs/constrs_1/imports/new/Basys-3-Master.xdc:119]
Resolution: If [get_<value>] was used to populate the object, check to make sure this command returns at least one valid object.
WARNING: [Vivado 12-584] No ports matched 'btnD'. [C:/Users/NO3/Desktop/year3/HwnSynLab/lab folder/lab3/lab3.srcs/constrs_1/imports/new/Basys-3-Master.xdc:120]
CRITICAL WARNING: [Common 17-55] 'set_property' expects at least one object. [C:/Users/NO3/Desktop/year3/HwnSynLab/lab folder/lab3/lab3.srcs/constrs_1/imports/new/Basys-3-Master.xdc:120]
Resolution: If [get_<value>] was used to populate the object, check to make sure this command returns at least one valid object.
Finished Parsing XDC File [C:/Users/NO3/Desktop/year3/HwnSynLab/lab folder/lab3/lab3.srcs/constrs_1/imports/new/Basys-3-Master.xdc]
Completed Processing XDC Constraints

INFO: [Opt 31-138] Pushed 0 inverter(s) to 0 load pin(s).
Netlist sorting complete. Time (s): cpu = 00:00:00 ; elapsed = 00:00:00 . Memory (MB): peak = 1384.773 ; gain = 0.000
INFO: [Project 1-111] Unisim Transformation Summary:
No Unisim elements were transformed.

RTL Elaboration Complete:  : Time (s): cpu = 00:00:15 ; elapsed = 00:00:17 . Memory (MB): peak = 1426.480 ; gain = 354.730
16 Infos, 22 Warnings, 16 Critical Warnings and 0 Errors encountered.
synth_design completed successfully
synth_design: Time (s): cpu = 00:00:22 ; elapsed = 00:00:26 . Memory (MB): peak = 1426.480 ; gain = 584.867
close_sim
INFO: [Simtcl 6-16] Simulation closed
exit
INFO: [Common 17-206] Exiting Vivado at Tue Sep 22 15:10:38 2020...
