
*** Running vivado
    with args -log nano_sc_system.vds -m64 -product Vivado -mode batch -messageDb vivado.pb -notrace -source nano_sc_system.tcl


****** Vivado v2019.1 (64-bit)
  **** SW Build 2552052 on Fri May 24 14:49:42 MDT 2019
  **** IP Build 2548770 on Fri May 24 18:01:18 MDT 2019
    ** Copyright 1986-2019 Xilinx, Inc. All Rights Reserved.

source nano_sc_system.tcl -notrace
Command: synth_design -top nano_sc_system -part xc7a35tcpg236-1
Starting synth_design
Attempting to get a license for feature 'Synthesis' and/or device 'xc7a35t'
INFO: [Common 17-349] Got license for feature 'Synthesis' and/or device 'xc7a35t'
INFO: [Device 21-403] Loading part xc7a35tcpg236-1
INFO: Launching helper process for spawning children vivado processes
INFO: Helper process launched with PID 11292 
WARNING: [Synth 8-2611] redeclaration of ansi port segments is not allowed [C:/Users/NO3/Desktop/year3/HwnSynLab/lab folder/lab2/lab2.srcs/sources_1/new/segmentDecoder.v:29]
---------------------------------------------------------------------------------
Starting RTL Elaboration : Time (s): cpu = 00:00:03 ; elapsed = 00:00:03 . Memory (MB): peak = 832.422 ; gain = 182.477
---------------------------------------------------------------------------------
INFO: [Synth 8-6157] synthesizing module 'nano_sc_system' [C:/Users/NO3/Desktop/year3/HwnSynLab/lab folder/lab5/lab5.srcs/sources_1/imports/Desktop/nano_sc_system.v:10]
INFO: [Synth 8-6157] synthesizing module 'quadSevenSeg' [C:/Users/NO3/Desktop/year3/HwnSynLab/lab folder/lab2/lab2.srcs/sources_1/new/quadSevenSeg.v:23]
INFO: [Synth 8-6157] synthesizing module 'segmentDecoder' [C:/Users/NO3/Desktop/year3/HwnSynLab/lab folder/lab2/lab2.srcs/sources_1/new/segmentDecoder.v:23]
INFO: [Synth 8-6155] done synthesizing module 'segmentDecoder' (1#1) [C:/Users/NO3/Desktop/year3/HwnSynLab/lab folder/lab2/lab2.srcs/sources_1/new/segmentDecoder.v:23]
WARNING: [Synth 8-567] referenced signal 'num0' should be on the sensitivity list [C:/Users/NO3/Desktop/year3/HwnSynLab/lab folder/lab2/lab2.srcs/sources_1/new/quadSevenSeg.v:69]
WARNING: [Synth 8-567] referenced signal 'num1' should be on the sensitivity list [C:/Users/NO3/Desktop/year3/HwnSynLab/lab folder/lab2/lab2.srcs/sources_1/new/quadSevenSeg.v:69]
WARNING: [Synth 8-567] referenced signal 'num2' should be on the sensitivity list [C:/Users/NO3/Desktop/year3/HwnSynLab/lab folder/lab2/lab2.srcs/sources_1/new/quadSevenSeg.v:69]
WARNING: [Synth 8-567] referenced signal 'num3' should be on the sensitivity list [C:/Users/NO3/Desktop/year3/HwnSynLab/lab folder/lab2/lab2.srcs/sources_1/new/quadSevenSeg.v:69]
INFO: [Synth 8-6155] done synthesizing module 'quadSevenSeg' (2#1) [C:/Users/NO3/Desktop/year3/HwnSynLab/lab folder/lab2/lab2.srcs/sources_1/new/quadSevenSeg.v:23]
INFO: [Synth 8-6157] synthesizing module 'nanocpu' [C:/Users/NO3/Desktop/year3/HwnSynLab/lab folder/lab5/lab5.srcs/sources_1/imports/Desktop/nanocpu.v:9]
INFO: [Synth 8-6157] synthesizing module 'adder' [C:/Users/NO3/Desktop/year3/HwnSynLab/lab folder/lab5/lab5.srcs/sources_1/imports/Desktop/adder.v:9]
	Parameter WIDTH bound to: 30 - type: integer 
INFO: [Synth 8-6155] done synthesizing module 'adder' (3#1) [C:/Users/NO3/Desktop/year3/HwnSynLab/lab folder/lab5/lab5.srcs/sources_1/imports/Desktop/adder.v:9]
INFO: [Synth 8-6157] synthesizing module 'mux2_1' [C:/Users/NO3/Desktop/year3/HwnSynLab/lab folder/lab5/lab5.srcs/sources_1/imports/Desktop/mux2_1.v:9]
	Parameter WIDTH bound to: 30 - type: integer 
INFO: [Synth 8-6155] done synthesizing module 'mux2_1' (4#1) [C:/Users/NO3/Desktop/year3/HwnSynLab/lab folder/lab5/lab5.srcs/sources_1/imports/Desktop/mux2_1.v:9]
INFO: [Synth 8-6157] synthesizing module 'extender' [C:/Users/NO3/Desktop/year3/HwnSynLab/lab folder/lab5/lab5.srcs/sources_1/imports/Desktop/extender.v:10]
INFO: [Synth 8-6155] done synthesizing module 'extender' (5#1) [C:/Users/NO3/Desktop/year3/HwnSynLab/lab folder/lab5/lab5.srcs/sources_1/imports/Desktop/extender.v:10]
INFO: [Synth 8-6157] synthesizing module 'mux2_1__parameterized0' [C:/Users/NO3/Desktop/year3/HwnSynLab/lab folder/lab5/lab5.srcs/sources_1/imports/Desktop/mux2_1.v:9]
	Parameter WIDTH bound to: 5 - type: integer 
INFO: [Synth 8-6155] done synthesizing module 'mux2_1__parameterized0' (5#1) [C:/Users/NO3/Desktop/year3/HwnSynLab/lab folder/lab5/lab5.srcs/sources_1/imports/Desktop/mux2_1.v:9]
INFO: [Synth 8-6157] synthesizing module 'regfile' [C:/Users/NO3/Desktop/year3/HwnSynLab/lab folder/lab5/lab5.srcs/sources_1/imports/Desktop/regfile.v:9]
WARNING: [Synth 8-639] system function call 'time' not supported [C:/Users/NO3/Desktop/year3/HwnSynLab/lab folder/lab5/lab5.srcs/sources_1/imports/Desktop/regfile.v:34]
INFO: [Synth 8-251] 0 - A(REG[x]) -  xxxxxxxx, B(REG[x]) -  xxxxxxxx
 [C:/Users/NO3/Desktop/year3/HwnSynLab/lab folder/lab5/lab5.srcs/sources_1/imports/Desktop/regfile.v:34]
WARNING: [Synth 8-639] system function call 'time' not supported [C:/Users/NO3/Desktop/year3/HwnSynLab/lab folder/lab5/lab5.srcs/sources_1/imports/Desktop/regfile.v:38]
INFO: [Synth 8-251] 0 - REG[x] <- xxxxxxxx [C:/Users/NO3/Desktop/year3/HwnSynLab/lab folder/lab5/lab5.srcs/sources_1/imports/Desktop/regfile.v:38]
INFO: [Synth 8-6155] done synthesizing module 'regfile' (6#1) [C:/Users/NO3/Desktop/year3/HwnSynLab/lab folder/lab5/lab5.srcs/sources_1/imports/Desktop/regfile.v:9]
INFO: [Synth 8-6157] synthesizing module 'mux2_1__parameterized1' [C:/Users/NO3/Desktop/year3/HwnSynLab/lab folder/lab5/lab5.srcs/sources_1/imports/Desktop/mux2_1.v:9]
	Parameter WIDTH bound to: 32 - type: integer 
INFO: [Synth 8-6155] done synthesizing module 'mux2_1__parameterized1' (6#1) [C:/Users/NO3/Desktop/year3/HwnSynLab/lab folder/lab5/lab5.srcs/sources_1/imports/Desktop/mux2_1.v:9]
INFO: [Synth 8-6157] synthesizing module 'alu' [C:/Users/NO3/Desktop/year3/HwnSynLab/lab folder/lab5/lab5.srcs/sources_1/imports/Desktop/alu.v:9]
WARNING: [Synth 8-567] referenced signal 'Cin' should be on the sensitivity list [C:/Users/NO3/Desktop/year3/HwnSynLab/lab folder/lab5/lab5.srcs/sources_1/imports/Desktop/alu.v:20]
INFO: [Synth 8-6155] done synthesizing module 'alu' (7#1) [C:/Users/NO3/Desktop/year3/HwnSynLab/lab folder/lab5/lab5.srcs/sources_1/imports/Desktop/alu.v:9]
INFO: [Synth 8-6157] synthesizing module 'control' [C:/Users/NO3/Desktop/year3/HwnSynLab/lab folder/lab5/lab5.srcs/sources_1/imports/Desktop/control.v:10]
	Parameter ORI bound to: 6'b010000 
	Parameter ORUI bound to: 6'b010001 
	Parameter ADD bound to: 6'b000001 
	Parameter LW bound to: 6'b011000 
	Parameter SW bound to: 6'b011100 
	Parameter BEQ bound to: 6'b100100 
	Parameter JMP bound to: 6'b110000 
INFO: [Synth 8-6155] done synthesizing module 'control' (8#1) [C:/Users/NO3/Desktop/year3/HwnSynLab/lab folder/lab5/lab5.srcs/sources_1/imports/Desktop/control.v:10]
WARNING: [Synth 8-6014] Unused sequential element z_flag_reg was removed.  [C:/Users/NO3/Desktop/year3/HwnSynLab/lab folder/lab5/lab5.srcs/sources_1/imports/Desktop/nanocpu.v:116]
INFO: [Synth 8-6155] done synthesizing module 'nanocpu' (9#1) [C:/Users/NO3/Desktop/year3/HwnSynLab/lab folder/lab5/lab5.srcs/sources_1/imports/Desktop/nanocpu.v:9]
INFO: [Synth 8-6157] synthesizing module 'rom' [C:/Users/NO3/Desktop/year3/HwnSynLab/lab folder/lab5/lab5.srcs/sources_1/imports/Desktop/rom.v:9]
	Parameter DATA_WIDTH bound to: 32 - type: integer 
	Parameter ADDR_WIDTH bound to: 27 - type: integer 
INFO: [Synth 8-3876] $readmem data file 'mmioProg.dat' is read successfully [C:/Users/NO3/Desktop/year3/HwnSynLab/lab folder/lab5/lab5.srcs/sources_1/imports/Desktop/rom.v:21]
INFO: [Synth 8-6155] done synthesizing module 'rom' (10#1) [C:/Users/NO3/Desktop/year3/HwnSynLab/lab folder/lab5/lab5.srcs/sources_1/imports/Desktop/rom.v:9]
INFO: [Synth 8-6157] synthesizing module 'memory' [C:/Users/NO3/Desktop/year3/HwnSynLab/lab folder/lab5/lab5.srcs/sources_1/imports/Desktop/memory.v:9]
	Parameter DATA_WIDTH bound to: 32 - type: integer 
	Parameter ADDR_WIDTH bound to: 27 - type: integer 
ERROR: [Synth 8-4556] size of variable 'mem' is too large to handle; the size of the variable is 1073741824, the limit is 1000000 [C:/Users/NO3/Desktop/year3/HwnSynLab/lab folder/lab5/lab5.srcs/sources_1/imports/Desktop/memory.v:20]
ERROR: [Synth 8-6156] failed synthesizing module 'memory' [C:/Users/NO3/Desktop/year3/HwnSynLab/lab folder/lab5/lab5.srcs/sources_1/imports/Desktop/memory.v:9]
ERROR: [Synth 8-6156] failed synthesizing module 'nano_sc_system' [C:/Users/NO3/Desktop/year3/HwnSynLab/lab folder/lab5/lab5.srcs/sources_1/imports/Desktop/nano_sc_system.v:10]
---------------------------------------------------------------------------------
Finished RTL Elaboration : Time (s): cpu = 00:00:04 ; elapsed = 00:00:06 . Memory (MB): peak = 2921.832 ; gain = 2271.887
---------------------------------------------------------------------------------
RTL Elaboration failed
INFO: [Common 17-83] Releasing license: Synthesis
32 Infos, 9 Warnings, 0 Critical Warnings and 4 Errors encountered.
synth_design failed
ERROR: [Common 17-69] Command failed: Synthesis failed - please see the console or run log file for details
INFO: [Common 17-206] Exiting Vivado at Mon Nov  2 21:07:33 2020...
